--------------------------------------------------------
      name:  <unnamed>
       log:  /Users/zrsong/MIT Dropbox/Zirui Song/Resear
> ch Projects/MPS_Interest Deductibility and Debt Contra
> cting/4. Code/Replication/Dealscan_Analysis.log
  log type:  text
 opened on:  15 Sep 2025, 23:58:14

. 
. cd "/Users/zrsong/MIT Dropbox/Zirui Song/Research Proj
> ects/MPS_Interest Deductibility and Debt Contracting/4
> . Code/Replication"
/Users/zrsong/MIT Dropbox/Zirui Song/Research Projects/M
> PS_Interest Deductibility and Debt Contracting/4. Code
> /Replication

. 
. use "../../3. Data/Processed/tranche_level_ds_compa.dt
> a", clear

. 
. if "`c(hostname)'" == "mphill-surface4" {
. global overleaf_dir "C:\Users\mphill\Dropbox\Apps\Over
> leaf\Tax Incidence and Loan Contract Terms\Tables"
. global fig_dir "C:\Users\mphill\Dropbox\Apps\Overleaf\
> Tax Incidence and Loan Contract Terms\Figures"
.         
. }

. 
. global overleaf_dir "/Users/zrsong/MIT Dropbox/Zirui S
> ong/Apps/Overleaf/Tax Incidence and Loan Contract Term
> s/Tables"

. global fig_dir "/Users/zrsong/MIT Dropbox/Zirui Song/A
> pps/Overleaf/Tax Incidence and Loan Contract Terms/Fig
> ures"

. 
end of do-file

. sum

    Variable |        Obs        Mean    Std. dev.      
>  Min        Max
-------------+------------------------------------------
> ---------------
       index |      3,712      1855.5    1071.706       
>    0       3711
lpc_tranch~d |      3,712    329760.3    104201.6      4
> 8722     499677
number_~ders |      3,712    8.804418    7.077429       
>    1         57
number_~gers |      3,712    4.149784    3.392048       
>    0         35
tranche_type |          0
-------------+------------------------------------------
> ---------------
 tranche_o_a |          0
 lpc_deal_id |      3,712    209095.3    77739.53      2
> 1941     331771
   packageid |      2,501    263134.1    22098.28     22
> 1746     302646
  facilityid |      2,501    376897.6    35633.89     30
> 8831     439399
 deal_permid |      3,712    4.64e+10    1.08e+09   4.51
> e+10   4.73e+10
-------------+------------------------------------------
> ---------------
deal_activ~e |          0
tranche_ac~e |          0
tranche_ma~e |          0
        year |      3,712    2017.531    2.870158       
> 2014       2023
       gvkey |      3,712    69631.19    72426.37       
> 1076     315318
-------------+------------------------------------------
> ---------------
borrower_n~e |          0
 borrower_id |      3,712    62073.06    51078.29       
>    3     180075
lender_par~e |          0
lender_par~d |      3,711    36289.13    43224.22       
>   50     171908
 lender_name |          0
-------------+------------------------------------------
> ---------------
   lender_id |      3,712    18903.56    19717.69       
>   50     171908
primary_role |          0
state_prov~e |          0
     country |          0
         zip |          0
-------------+------------------------------------------
> ---------------
        city |          0
    sic_code |          0
     sponsor |          0
lead_arran~r |          0
 deal_amount |      3,711    1693.746    3214.054       
>    4      85000
-------------+------------------------------------------
> ---------------
deal_amoun~d |      3,711    1649.128     2736.94       
>    4      38000
deal_purpose |          0
deal_amended |          0
market_seg~t |          0
seniority_~e |          0
-------------+------------------------------------------
> ---------------
     secured |          0
  margin_bps |      3,712    265.5354    187.8692       
> 17.5       1600
   leveraged |      3,712    .6462823    .4781873       
>    0          1
       fyear |      3,712    2016.531    2.870158       
> 2013       2022
   covenants |          0
-------------+------------------------------------------
> ---------------
all_covena~l |          0
performanc~g |          0
excess_cf_~p |        235    54.48936    12.28903       
>   25        100
asset_sale~p |        379    99.24142    5.878658       
> 37.5        100
debt_issue~p |        327         100           0       
>  100        100
-------------+------------------------------------------
> ---------------
equity_iss~p |         84     84.7619    24.15942       
>   10        100
insurance_~p |        282    99.02482    6.070999       
>   50        100
interest_e~a |      3,712    .1134407    6.647141  -360.
> 1325   89.25806
interest_e~_ |      3,405      .14835    2.299185  -70.8
> 5464     25.875
        xint |      3,712    217.9075    666.3308       
> .001      10145
-------------+------------------------------------------
> ---------------
      ebitda |      3,712    1615.565     4573.99     -2
> 1913      56574
        ebit |      3,712    1046.683    2992.378     -2
> 5913      38049
      profit |      3,712    1546.015    4379.284     -2
> 1913      56574
          at |      3,712    15452.88    62040.46      1
> 1.09    1880382
        capx |      3,706    601.0814    2483.051       
>    0      63645
-------------+------------------------------------------
> ---------------
         che |      3,712      1658.7     10043.7       
>    0     391781
       oancf |      3,708      1260.9    3863.117      -
> 5549      57400
        debt |      3,707    5507.899    21795.83       
>    0     518169
      dlstcd |      3,712    168.5434    124.2146       
>  100        591
         dvc |      3,698    277.0577    1105.022       
>    0      14964
-------------+------------------------------------------
> ---------------
dividend_p~r |      3,698    .5121687    .4999195       
>    0          1
          pi |      3,712      710.87      2724.1     -2
> 8226      34729
          dp |      3,712    568.8816     1930.64       
>    0      28430
excess_in~30 |      3,712    .2147091    .4106757       
>    0          1
excess_int~s |      3,712    .2130927    .4095478       
>    0          1
-------------+------------------------------------------
> ---------------
e~0_prev_3yr |      3,593    .1697746    .3754869       
>    0          1
e~s_prev_3yr |      3,593    .1575285    .3643491       
>    0          1
e~0_prev_5yr |      3,351    .1715906    .3770805       
>    0          1
e~s_prev_5yr |      3,351    .1620412    .3685436       
>    0          1
e~0_next_1yr |      3,405    .2361233    .4247612       
>    0          1
-------------+------------------------------------------
> ---------------
e~s_next_1yr |      3,405     .235536    .4243957       
>    0          1
e~0_next_3yr |      2,838    .1694856    .3752463       
>    0          1
e~s_next_3yr |      2,838    .1518675    .3589557       
>    0          1
e~0_next_5yr |      2,163    .1687471     .374615       
>    0          1
e~s_next_5yr |      2,163    .1705964    .3762429       
>    0          1
-------------+------------------------------------------
> ---------------
financial_~t |      3,692    .2592091    .4382599       
>    0          1
immediate_~n |      3,692    .1072589    .3094841       
>    0          1
       intan |      3,692     4604.08    16994.85       
>    0     310197
inter~0_rule |      3,712    4.321917    24.18525       
>    0      406.1
inter~s_rule |      3,712    37.42911    273.0019       
>    0       5059
-------------+------------------------------------------
> ---------------
interest_e.. |      3,712    176.1565     604.197       
>    0       9941
interest_e.. |      3,712    41.75103    274.0137       
>    0       5059
        idit |      3,712    8.412709    43.67572       
>    0        989
  investment |      2,107    1454.128    6187.976   -115
> .986     142958
loss_befor~e |      3,712    .2112069    .4082198       
>    0          1
-------------+------------------------------------------
> ---------------
market_to_~k |      3,690    1.739933    2.622199   .001
> 0842   79.33781
         mnc |      2,535    .9648915    .1840903       
>    0          1
net_interest |      3,712    209.4948    654.0028   -191
> .233      10145
         nol |      2,980    .9010067    .2987031       
>    0          1
       ppent |      3,708    3643.773    12945.41       
>    0     252838
-------------+------------------------------------------
> ---------------
         xrd |      2,213    487.8527    2547.407       
>    0      73213
        sale |      3,712    10307.95    29152.82       
>    0     513983
sales_growth |      3,712    .1202131    .2722727       
>   -1          1
ret_buy_an~d |      3,712    .1643078    .5608765  -.988
> 3733   6.419531
     ret_vol |      3,682    .1019472    .0702699   .002
> 0287   1.424006
-------------+------------------------------------------
> ---------------
     z_score |      3,514    1.185227    3.271598  -64.2
> 8991   19.01933
   delta_dcf |      3,595    184.5305    2036.418     -1
> 7965      41003
     ipodate |          0
        pifo |      2,566    428.4315    1638.627      -
> 9936      29697
        txfo |      3,523    74.47805    272.1905   -116
> .051       4368
-------------+------------------------------------------
> ---------------
relationship |      3,712    .4154095    .4928589       
>    0          1
  reputation |      3,712    .5662716    .4956554       
>    0          1
tranche_ty~y |      3,712    .5350216    .4988392       
>    0          1
tranche_o_~y |      3,712    .7745151    .4179576       
>    0          1
    maturity |      3,687    4.833558    1.571219   .065
> 7534    20.0137
-------------+------------------------------------------
> ---------------
secured_du~y |      3,712    .4886853    .4999393       
>    0          1
sponsor_du~y |      3,712    .1966595    .3975262       
>    0          1
 num_fin_cov |      3,712    .5713901    .8562987       
>    0          4
perf_prici~y |      3,712    .2720905    .4450962       
>    0          1
 sweep_dummy |      3,712    .1174569    .3220073       
>    0          1
-------------+------------------------------------------
> ---------------
       pviol |      1,074    .0636415    .2181876       
>    0       .999
  pviol_pcov |      1,074    .0596034    .2110689       
>    0       .998
  pviol_ccov |      1,074    .0058613    .0695995       
>    0        .99
 rating_year |      2,722    2017.488    2.828432       
> 2014       2023
  ratingdate |          0
-------------+------------------------------------------
> ---------------
currentrat~l |          0
         sic |      3,712    4721.337    2161.803       
> 1021       8999
       ff_48 |      3,712    28.11692    12.50224       
>    1         49
dlst_distr~s |      3,712    .0692349    .2538874       
>    0          1
 dlst_merger |      3,712    .2677802     .442862       
>    0          1
-------------+------------------------------------------
> ---------------
interest_t~l |      3,712    .0191799    .0217519   .000
> 0164   .3128945
interest_t~s |      3,712     .006493    .0198922       
>    0   .3128945
interest_n~s |      3,712    .0126869    .0117571       
>    0   .1119349
interest_l~s |      3,712    .0053663    .0193187       
>    0   .3128945
 interest_30 |      3,712    .0011267     .005383       
>    0   .0721316
-------------+------------------------------------------
> ---------------
net_intere~g |      3,712     .029903    .1703427       
>    0          1
net_intere~a |      3,712    .1084545    6.656239  -360.
> 1325   89.25806
net_inter~it |      3,712    .2100676    5.895562  -84.5
> 7843   166.9886
delta_dcf_~t |      3,595    .0131792    .1157439  -1.46
> 0265   1.013075
delta_dcf_~a |      3,595    .1002193    5.773201  -170.
> 9487   159.9536
-------------+------------------------------------------
> ---------------
  debt_by_at |      3,707    .3473799    .2394356       
>    0   2.953291
interest_b~t |      3,596    .1446531    1.642038   .000
> 0798      46.75
  cash_by_at |      3,712    .1146953    .1305672       
>    0   .9627575
cash_flows~t |      3,708    .0778552    .1989427  -5.23
> 3904   .6417377
 ppent_by_at |      3,708    .2626151    .2421593       
>    0   .9883476
-------------+------------------------------------------
> ---------------
 total_asset |      3,712    15.45288    62.04046     .0
> 1109   1880.382
excess_int~d |      3,712    .2045759    .3737099       
>    0          1
        post |      3,712    .4450431    .4970375       
>    0          1
     treated |      3,712    .2147091    .4106757       
>    0          1
t~d_prev_3yr |      3,712    .1643319    .3706264       
>    0          1
-------------+------------------------------------------
> ---------------
t~d_prev_5yr |      3,712     .154903     .361861       
>    0          1
t~d_next_1yr |      3,712    .2165948    .4119797       
>    0          1
t~d_next_3yr |      3,712    .1295797    .3358857       
>    0          1
t~d_next_5yr |      3,712    .0983297    .2978001       
>    0          1
treated_loss |      3,712    .2130927    .4095478       
>    0          1
-------------+------------------------------------------
> ---------------
t~s_prev_3yr |      3,712    .1524784    .3595325       
>    0          1
t~s_prev_5yr |      3,712    .1462823    .3534366       
>    0          1
t~s_next_1yr |      3,712     .216056    .4116084       
>    0          1
t~s_next_3yr |      3,712    .1161099    .3203998       
>    0          1
t~s_next_5yr |      3,712    .0994073    .2992485       
>    0          1
-------------+------------------------------------------
> ---------------
treated_post |      3,712    .0853987    .2795117       
>    0          1
treated_pr.. |      3,712    .0670797    .2501938       
>    0          1
treated_pr.. |      3,712    .0660022    .2483193       
>    0          1
treated_ne.. |      3,712    .0953664    .2937599       
>    0          1
treated_ne.. |      3,712    .0457974    .2090736       
>    0          1
-------------+------------------------------------------
> ---------------
treated_ne.. |      3,712    .0218211    .1461188       
>    0          1
treat~s_post |      3,712      .09375    .2915199       
>    0          1
treated_lo.. |      3,712    .0657328    .2478478       
>    0          1
treated_lo.. |      3,712    .0668103    .2497269       
>    0          1
treated_lo.. |      3,712    .0859375    .2803095       
>    0          1
-------------+------------------------------------------
> ---------------
treated_lo.. |      3,712    .0385237    .1924828       
>    0          1
treated_lo.. |      3,712    .0266703    .1611395       
>    0          1
   year_2014 |      3,712    .1570582    .3639046       
>    0          1
   year_2015 |      3,712    .1519397    .3590107       
>    0          1
   year_2016 |      3,712    .1147629    .3187786       
>    0          1
-------------+------------------------------------------
> ---------------
   year_2017 |      3,712    .1311961    .3376602       
>    0          1
   year_2018 |      3,712    .1411638    .3482373       
>    0          1
   year_2019 |      3,712    .1069504    .3090919       
>    0          1
   year_2022 |      3,712    .1161099    .3203998       
>    0          1
   year_2023 |      3,712     .080819    .2725936       
>    0          1
-------------+------------------------------------------
> ---------------
treated_ye~4 |      3,712    .0406789    .1975718       
>    0          1
treated_ye~5 |      3,712    .0282866    .1658129       
>    0          1
treated_ye~6 |      3,712    .0261315    .1595477       
>    0          1
treated_ye~7 |      3,712    .0342134    .1818013       
>    0          1
treated_ye~8 |      3,712    .0245151    .1546627       
>    0          1
-------------+------------------------------------------
> ---------------
treated_ye~9 |      3,712    .0137392    .1164221       
>    0          1
treated_ye~2 |      3,712    .0188578    .1360409       
>    0          1
treated_ye~3 |      3,712    .0282866    .1658129       
>    0          1
treated_pr.. |      3,712     .029903    .1703427       
>    0          1
treated_pr.. |      3,712    .0239763    .1529959       
>    0          1
-------------+------------------------------------------
> ---------------
treated_pr.. |      3,712    .0177802    .1321694       
>    0          1
treated_pr.. |      3,712    .0255927     .157938       
>    0          1
treated_pr.. |      3,712    .0199353     .139797       
>    0          1
treated_pr.. |      3,712    .0088901    .0938799       
>    0          1
treated_pr.. |      3,712    .0164332    .1271515       
>    0          1
-------------+------------------------------------------
> ---------------
treated_pr.. |      3,712    .0218211    .1461188       
>    0          1
treated_pr.. |      3,712    .0293642     .168848       
>    0          1
treated_pr.. |      3,712    .0207435    .1425437       
>    0          1
treated_pr.. |      3,712    .0172414    .1301871       
>    0          1
treated_pr.. |      3,712    .0215517    .1452341       
>    0          1
-------------+------------------------------------------
> ---------------
treated_pr.. |      3,712    .0207435    .1425437       
>    0          1
treated_pr.. |      3,712    .0096983    .0980143       
>    0          1
treated_pr.. |      3,712    .0140086    .1175419       
>    0          1
treated_pr.. |      3,712    .0215517    .1452341       
>    0          1
treated_ne.. |      3,712    .0352909    .1845391       
>    0          1
-------------+------------------------------------------
> ---------------
treated_ne.. |      3,712    .0363685    .1872306       
>    0          1
treated_ne.. |      3,712    .0207435    .1425437       
>    0          1
treated_ne.. |      3,712    .0288254    .1673382       
>    0          1
treated_ne.. |      3,712    .0215517    .1452341       
>    0          1
treated_ne.. |      3,712    .0180496    .1331486       
>    0          1
-------------+------------------------------------------
> ---------------
treated_ne.. |      3,712    .0264009    .1603458       
>    0          1
treated_ne.. |      3,712    .0293642     .168848       
>    0          1
treated_ne.. |      3,712    .0226293    .1487386       
>    0          1
treated_ne.. |      3,712    .0250539    .1563098       
>    0          1
treated_ne.. |      3,712     .014278    .1186505       
>    0          1
-------------+------------------------------------------
> ---------------
treated_ne.. |      3,712    .0218211    .1461188       
>    0          1
treated_ne.. |      3,712    .0105065    .1019749       
>    0          1
treated_ne.. |      3,712    .0118534    .1082409       
>    0          1
treated_ne.. |      3,712    .0223599     .147871       
>    0          1
treated_ne.. |      3,712    .0010776    .0328133       
>    0          1
-------------+------------------------------------------
> ---------------
treated_ne.. |      3,712    .0202047     .140719       
>    0          1
treated_ne.. |      3,712    .0207435    .1425437       
>    0          1
treated_ne.. |      3,712    .0148168    .1208355       
>    0          1
treated_ne.. |      3,712    .0207435    .1425437       
>    0          1
treated_ne.. |      3,712    .0099677    .0993528       
>    0          1
-------------+------------------------------------------
> ---------------
treated_ne.. |      3,712    .0118534    .1082409       
>    0          1
treated_ne.. |      3,712           0           0       
>    0          0
treated_ne.. |      3,712           0           0       
>    0          0
~s_year_2014 |      3,712    .0301724    .1710846       
>    0          1
~s_year_2015 |      3,712    .0336746    .1804144       
>    0          1
-------------+------------------------------------------
> ---------------
~s_year_2016 |      3,712    .0272091     .162714       
>    0          1
~s_year_2017 |      3,712    .0282866    .1658129       
>    0          1
~s_year_2018 |      3,712      .03125    .1740161       
>    0          1
~s_year_2019 |      3,712    .0202047     .140719       
>    0          1
~s_year_2022 |      3,712    .0212823    .1443434       
>    0          1
-------------+------------------------------------------
> ---------------
~s_year_2023 |      3,712    .0210129    .1434466       
>    0          1
treated_lo.. |      3,712    .0237069    .1521549       
>    0          1
treated_lo.. |      3,712    .0250539    .1563098       
>    0          1
treated_lo.. |      3,712    .0175108    .1311823       
>    0          1
treated_lo.. |      3,712    .0204741    .1416346       
>    0          1
-------------+------------------------------------------
> ---------------
treated_lo.. |      3,712    .0202047     .140719       
>    0          1
treated_lo.. |      3,712    .0118534    .1082409       
>    0          1
treated_lo.. |      3,712    .0164332    .1271515       
>    0          1
treated_lo.. |      3,712    .0172414    .1301871       
>    0          1
treated_lo.. |      3,712    .0234375    .1513088       
>    0          1
-------------+------------------------------------------
> ---------------
treated_lo.. |      3,712    .0218211    .1461188       
>    0          1
treated_lo.. |      3,712    .0177802    .1321694       
>    0          1
treated_lo.. |      3,712    .0164332    .1271515       
>    0          1
treated_lo.. |      3,712    .0218211    .1461188       
>    0          1
treated_lo.. |      3,712    .0132004    .1141477       
>    0          1
-------------+------------------------------------------
> ---------------
treated_lo.. |      3,712     .015625    .1240363       
>    0          1
treated_lo.. |      3,712    .0161638    .1261222       
>    0          1
treated_lo.. |      3,712    .0347522    .1831761       
>    0          1
treated_lo.. |      3,712    .0439116    .2049261       
>    0          1
treated_lo.. |      3,712    .0234375    .1513088       
>    0          1
-------------+------------------------------------------
> ---------------
treated_lo.. |      3,712    .0280172    .1650443       
>    0          1
treated_lo.. |      3,712    .0245151    .1546627       
>    0          1
treated_lo.. |      3,712    .0223599     .147871       
>    0          1
treated_lo.. |      3,712    .0191272    .1369904       
>    0          1
treated_lo.. |      3,712    .0199353     .139797       
>    0          1
-------------+------------------------------------------
> ---------------
treated_lo.. |      3,712    .0202047     .140719       
>    0          1
treated_lo.. |      3,712    .0282866    .1658129       
>    0          1
treated_lo.. |      3,712    .0121228    .1094491       
>    0          1
treated_lo.. |      3,712     .016972    .1291837       
>    0          1
treated_lo.. |      3,712    .0126616    .1118244       
>    0          1
-------------+------------------------------------------
> ---------------
treated_lo.. |      3,712    .0137392    .1164221       
>    0          1
treated_lo.. |      3,712    .0113147    .1057811       
>    0          1
treated_lo.. |      3,712    .0008082     .028421       
>    0          1
treated_lo.. |      3,712    .0150862    .1219123       
>    0          1
treated_lo.. |      3,712    .0245151    .1546627       
>    0          1
-------------+------------------------------------------
> ---------------
treated_lo.. |      3,712    .0148168    .1208355       
>    0          1
treated_lo.. |      3,712     .018319    .1341202       
>    0          1
treated_lo.. |      3,712     .012931    .1129923       
>    0          1
treated_lo.. |      3,712    .0137392    .1164221       
>    0          1
treated_lo.. |      3,712           0           0       
>    0          0
-------------+------------------------------------------
> ---------------
treated_lo.. |      3,712           0           0       
>    0          0

. do "/var/folders/n2/pgdf58ms1yd3ch8xjn9fmpmm0000gq/T//
> SD89509.000000"

. keep if year >= 2014
(0 observations deleted)

. drop if year == 2020 | year == 2021
(0 observations deleted)

. 
end of do-file

. do "/var/folders/n2/pgdf58ms1yd3ch8xjn9fmpmm0000gq/T//
> SD89509.000000"

. log using Dealscan_Analysis.log, replace
log file already open
r(604);

end of do-file

r(604);

